<?xml version="1.0" encoding="UTF-8"?>
<testsuite xmlns:xsi="http://www.w3.org/2001/XMLSchema-instance" xsi:noNamespaceSchemaLocation="https://maven.apache.org/surefire/maven-surefire-plugin/xsd/surefire-test-report.xsd" name="runners.TestRunner" time="19.585" tests="2" errors="0" skipped="0" failures="0">
  <properties>
[...]
</properties>
  <testcase name="As a ToDo MVC user, I should be able to add new todo" classname="Automated End2End Tests" time="13.526"/>
  <testcase name="As a ToDo MVC user, I should be able to mark todo as completed" classname="Automated End2End Tests" time="2.589"/>
</testsuite>